<?xml version="1.0" encoding="UTF-8"?>
<!-- Generated by org.testng.reporters.JUnitReportReporter -->
<testsuite hostname="DESKTOP-148C48N" failures="0" tests="6" name="testngFlag.FlagGroups" time="0.056" errors="0" timestamp="2022-06-06T09:20:24 IST" skipped="0">
  <testcase classname="testngFlag.FlagGroups" name="ft5" time="0.022"/>
  <system-out>
    <![CDATA[ft5]]>
  </system-out>
  <testcase classname="testngFlag.FlagGroups" name="ft6" time="0.003"/>
  <system-out>
    <![CDATA[ft6]]>
  </system-out>
  <testcase classname="testngFlag.FlagGroups" name="ft1" time="0.015"/>
  <system-out>
    <![CDATA[ft1]]>
  </system-out>
  <testcase classname="testngFlag.FlagGroups" name="ft4" time="0.004"/>
  <system-out>
    <![CDATA[ft4]]>
  </system-out>
  <testcase classname="testngFlag.FlagGroups" name="ft2" time="0.007"/>
  <system-out>
    <![CDATA[ft2]]>
  </system-out>
  <testcase classname="testngFlag.FlagGroups" name="ft3" time="0.005"/>
  <system-out>
    <![CDATA[ft3]]>
  </system-out>
</testsuite> <!-- testngFlag.FlagGroups -->
