<?xml version="1.0" encoding="UTF-8"?>
<!-- Generated by org.testng.reporters.JUnitReportReporter -->
<testsuite hostname="DESKTOP-148C48N" failures="0" tests="5" name="annotationTestNG.DataProvider" time="21.605" errors="0" timestamp="2022-06-10T08:56:32 IST" skipped="0">
  <testcase classname="annotationTestNG.DataProvider" name="loginToActiTime" time="3.810"/>
  <system-out/>
  <testcase classname="annotationTestNG.DataProvider" name="loginToActiTime" time="6.490"/>
  <system-out/>
  <testcase classname="annotationTestNG.DataProvider" name="loginToActiTime" time="3.641"/>
  <system-out/>
  <testcase classname="annotationTestNG.DataProvider" name="loginToActiTime" time="3.792"/>
  <system-out/>
  <testcase classname="annotationTestNG.DataProvider" name="loginToActiTime" time="3.872"/>
  <system-out/>
</testsuite> <!-- annotationTestNG.DataProvider -->
