<?xml version="1.0" encoding="UTF-8"?>
<!-- Generated by org.testng.reporters.JUnitReportReporter -->
<testsuite hostname="DESKTOP-148C48N" failures="0" tests="2" name="testngFlag.Flag2" time="0.019" errors="0" timestamp="2022-06-04T17:48:49 IST" skipped="0">
  <testcase classname="testngFlag.Flag2" name="logIn" time="0.016"/>
  <system-out>
    <![CDATA[Login Operation]]>
  </system-out>
  <testcase classname="testngFlag.Flag2" name="logOut" time="0.003"/>
  <system-out>
    <![CDATA[Logout Operation]]>
  </system-out>
</testsuite> <!-- testngFlag.Flag2 -->
