<?xml version="1.0" encoding="UTF-8"?>
<!-- Generated by org.testng.reporters.JUnitReportReporter -->
<testsuite hostname="DESKTOP-148C48N" failures="0" tests="1" name="testngpack.Sumo" time="0.017" errors="0" timestamp="2022-06-04T18:05:17 IST" skipped="0">
  <testcase classname="testngpack.Sumo" name="c" time="0.017"/>
  <system-out>
    <![CDATA[Sumo class method]]>
  </system-out>
</testsuite> <!-- testngpack.Sumo -->
