<?xml version="1.0" encoding="UTF-8"?>
<!-- Generated by org.testng.reporters.JUnitReportReporter -->
<testsuite hostname="DESKTOP-148C48N" failures="0" tests="1" name="assertionTestNG.OrangeHrmLogin" time="16.944" errors="0" timestamp="2022-06-09T08:18:58 IST" skipped="0">
  <testcase classname="assertionTestNG.OrangeHrmLogin" name="testCase" time="16.944"/>
  <system-out>
    <![CDATA[create User
Create Contact]]>
  </system-out>
</testsuite> <!-- assertionTestNG.OrangeHrmLogin -->
