<?xml version="1.0" encoding="UTF-8"?>
<!-- Generated by org.testng.reporters.JUnitReportReporter -->
<testsuite hostname="DESKTOP-148C48N" failures="0" tests="2" name="testngpack.Prop1" time="0.036" errors="0" timestamp="2022-06-08T08:27:28 IST" skipped="0">
  <testcase classname="testngpack.Prop1" name="method2" time="0.018"/>
  <system-out>
    <![CDATA[19  thread id 
Method2]]>
  </system-out>
  <testcase classname="testngpack.Prop1" name="method1" time="0.018"/>
  <system-out>
    <![CDATA[18  thread id 
Method1]]>
  </system-out>
</testsuite> <!-- testngpack.Prop1 -->
