<?xml version="1.0" encoding="UTF-8"?>
<!-- Generated by org.testng.reporters.JUnitReportReporter -->
<testsuite hostname="DESKTOP-148C48N" failures="0" tests="1" name="testngFlag.Flag1" time="0.021" errors="0" timestamp="2022-06-04T17:45:00 IST" skipped="0">
  <testcase classname="testngFlag.Flag1" name="login" time="0.021"/>
  <system-out>
    <![CDATA[login performed]]>
  </system-out>
</testsuite> <!-- testngFlag.Flag1 -->
