<?xml version="1.0" encoding="UTF-8"?>
<!-- Generated by org.testng.reporters.JUnitReportReporter -->
<testsuite hostname="DESKTOP-148C48N" failures="0" tests="2" name="testngpack.ActiTimeLogin" time="58.140" errors="0" timestamp="2022-06-07T18:47:09 IST" skipped="0">
  <testcase classname="testngpack.ActiTimeLogin" name="actiTimeLogin" time="10.270"/>
  <system-out/>
  <testcase classname="testngpack.ActiTimeLogin" name="actiTimeLogin" time="47.870"/>
  <system-out/>
</testsuite> <!-- testngpack.ActiTimeLogin -->
