<?xml version="1.0" encoding="UTF-8"?>
<!-- Generated by org.testng.reporters.JUnitReportReporter -->
<testsuite hostname="DESKTOP-148C48N" failures="0" tests="6" name="testngFlag.Flag7" time="0.046" errors="0" timestamp="2022-06-06T21:29:51 IST" skipped="0">
  <testcase classname="testngFlag.Flag7" name="ft2" time="0.004"/>
  <system-out>
    <![CDATA[ft2]]>
  </system-out>
  <testcase classname="testngFlag.Flag7" name="ft6" time="0.002"/>
  <system-out>
    <![CDATA[ft6]]>
  </system-out>
  <testcase classname="testngFlag.Flag7" name="ft1" time="0.022"/>
  <system-out>
    <![CDATA[ft1]]>
  </system-out>
  <testcase classname="testngFlag.Flag7" name="ft5" time="0.005"/>
  <system-out>
    <![CDATA[ft5]]>
  </system-out>
  <testcase classname="testngFlag.Flag7" name="ft3" time="0.011"/>
  <system-out>
    <![CDATA[ft3]]>
  </system-out>
  <testcase classname="testngFlag.Flag7" name="ft4" time="0.002"/>
  <system-out>
    <![CDATA[ft4]]>
  </system-out>
</testsuite> <!-- testngFlag.Flag7 -->
