<?xml version="1.0" encoding="UTF-8"?>
<!-- Generated by org.testng.reporters.JUnitReportReporter -->
<testsuite hostname="DESKTOP-148C48N" failures="0" tests="1" name="annotationTestNG.Annotations" time="0.016" errors="0" timestamp="2022-06-08T10:26:20 IST" skipped="0">
  <testcase classname="annotationTestNG.Annotations" name="testCase" time="0.016"/>
  <system-out>
    <![CDATA[Test Case]]>
  </system-out>
</testsuite> <!-- annotationTestNG.Annotations -->
